This is pdfeTeXk, Version 3.141592-1.20a-2.2 (Web2c 7.5.3) (format=latex 2011.5.12)  20 NOV 2013 10:22
 Source specials enabled.
 %&-line parsing enabled.
**&latex Assignment8.tex
(./Assignment8.tex
LaTeX2e <2005/12/01>
(c:/Program Files (x86)/PCTeX/PCTeXv6/texmf-dist/tex/latex/base/article.cls
Document Class: article 2005/09/16 v1.4f Standard LaTeX document class
(c:/Program Files (x86)/PCTeX/PCTeXv6/texmf-dist/tex/latex/base/size10.clo
File: size10.clo 2005/09/16 v1.4f Standard LaTeX file (size option)
)
\c@part=\count79
\c@section=\count80
\c@subsection=\count81
\c@subsubsection=\count82
\c@paragraph=\count83
\c@subparagraph=\count84
\c@figure=\count85
\c@table=\count86
\abovecaptionskip=\skip41
\belowcaptionskip=\skip42
\bibindent=\dimen102
)
(c:/Program Files (x86)/PCTeX/PCTeXv6/texmf-dist/tex/latex/tools/verbatim.sty
Package: verbatim 2003/08/22 v1.5q LaTeX2e package for verbatim enhancements
\every@verbatim=\toks14
\verbatim@line=\toks15
\verbatim@in@stream=\read1
)
(c:/Program Files (x86)/PCTeX/PCTeXv6/texmf-dist/tex/latex/tools/enumerate.sty
Package: enumerate 1999/03/05 v3.00 enumerate extensions (DPC)
\@enLab=\toks16
)
(c:/Program Files (x86)/PCTeX/PCTeXv6/texmf-dist/tex/latex/graphics/graphicx.st
y
Package: graphicx 1999/02/16 v1.0f Enhanced LaTeX Graphics (DPC,SPQR)

(c:/Program Files (x86)/PCTeX/PCTeXv6/texmf-dist/tex/latex/graphics/keyval.sty
Package: keyval 1999/03/16 v1.13 key=value parser (DPC)
\KV@toks@=\toks17
)
(c:/Program Files (x86)/PCTeX/PCTeXv6/texmf-dist/tex/latex/graphics/graphics.st
y
Package: graphics 2006/02/20 v1.0o Standard LaTeX Graphics (DPC,SPQR)
 (c:/Program Files (x86)/PCTeX/PCTeXv6/texmf-dist/tex/latex/graphics/trig.sty
Package: trig 1999/03/16 v1.09 sin cos tan (DPC)
) (c:/PROGRA~2/PCTeX/PCTeXv6/texmf-pti/tex/latex/graphics.cfg)
Package graphics Info: Driver file: pdftex.def on input line 90.

(c:/Program Files (x86)/PCTeX/PCTeXv6/texmf-dist/tex/latex/pdftex-def/pdftex.de
f
File: pdftex.def 2007/01/08 v0.04d Graphics/color for pdfTeX
\Gread@gobject=\count87
))
\Gin@req@height=\dimen103
\Gin@req@width=\dimen104
)
(c:/Program Files (x86)/PCTeX/PCTeXv6/texmf-dist/tex/latex/fancyhdr/fancyhdr.st
y
\fancy@headwidth=\skip43
\f@ncyO@elh=\skip44
\f@ncyO@erh=\skip45
\f@ncyO@olh=\skip46
\f@ncyO@orh=\skip47
\f@ncyO@elf=\skip48
\f@ncyO@erf=\skip49
\f@ncyO@olf=\skip50
\f@ncyO@orf=\skip51
)
(c:/Program Files (x86)/PCTeX/PCTeXv6/texmf-dist/tex/latex/fancyhdr/extramarks.
sty
\@temptokenb=\toks18
)
(c:/Program Files (x86)/PCTeX/PCTeXv6/texmf-dist/tex/latex/amsmath/amsmath.sty
Package: amsmath 2000/07/18 v2.13 AMS math features
\@mathmargin=\skip52

For additional information on amsmath, use the `?' option.
(c:/Program Files (x86)/PCTeX/PCTeXv6/texmf-dist/tex/latex/amsmath/amstext.sty
Package: amstext 2000/06/29 v2.01

(c:/Program Files (x86)/PCTeX/PCTeXv6/texmf-dist/tex/latex/amsmath/amsgen.sty
File: amsgen.sty 1999/11/30 v2.0
\@emptytoks=\toks19
\ex@=\dimen105
)) (c:/Program Files (x86)/PCTeX/PCTeXv6/texmf-dist/tex/latex/amsmath/amsbsy.st
y
Package: amsbsy 1999/11/29 v1.2d
\pmbraise@=\dimen106
) (c:/Program Files (x86)/PCTeX/PCTeXv6/texmf-dist/tex/latex/amsmath/amsopn.sty
Package: amsopn 1999/12/14 v2.01 operator names
)
\inf@bad=\count88
LaTeX Info: Redefining \frac on input line 211.
\uproot@=\count89
\leftroot@=\count90
LaTeX Info: Redefining \overline on input line 307.
\classnum@=\count91
\DOTSCASE@=\count92
LaTeX Info: Redefining \ldots on input line 379.
LaTeX Info: Redefining \dots on input line 382.
LaTeX Info: Redefining \cdots on input line 467.
\Mathstrutbox@=\box26
\strutbox@=\box27
\big@size=\dimen107
LaTeX Font Info:    Redeclaring font encoding OML on input line 567.
LaTeX Font Info:    Redeclaring font encoding OMS on input line 568.
\macc@depth=\count93
\c@MaxMatrixCols=\count94
\dotsspace@=\muskip10
\c@parentequation=\count95
\dspbrk@lvl=\count96
\tag@help=\toks20
\row@=\count97
\column@=\count98
\maxfields@=\count99
\andhelp@=\toks21
\eqnshift@=\dimen108
\alignsep@=\dimen109
\tagshift@=\dimen110
\tagwidth@=\dimen111
\totwidth@=\dimen112
\lineht@=\dimen113
\@envbody=\toks22
\multlinegap=\skip53
\multlinetaggap=\skip54
\mathdisplay@stack=\toks23
LaTeX Info: Redefining \[ on input line 2666.
LaTeX Info: Redefining \] on input line 2667.
)
(c:/Program Files (x86)/PCTeX/PCTeXv6/texmf-dist/tex/latex/amsfonts/amssymb.sty
Package: amssymb 2002/01/22 v2.2d

(c:/Program Files (x86)/PCTeX/PCTeXv6/texmf-dist/tex/latex/amsfonts/amsfonts.st
y
Package: amsfonts 2001/10/25 v2.2f
\symAMSa=\mathgroup4
\symAMSb=\mathgroup5
LaTeX Font Info:    Overwriting math alphabet `\mathfrak' in version `bold'
(Font)                  U/euf/m/n --> U/euf/b/n on input line 132.
)) (c:/Program Files (x86)/PCTeX/PCTeXv6/texmf-dist/tex/latex/bbm/bbm.sty
Package: bbm 1999/03/15 V 1.2 provides fonts for set symbols - TH
LaTeX Font Info:    Overwriting math alphabet `\mathbbm' in version `bold'
(Font)                  U/bbm/m/n --> U/bbm/bx/n on input line 33.
LaTeX Font Info:    Overwriting math alphabet `\mathbbmss' in version `bold'
(Font)                  U/bbmss/m/n --> U/bbmss/bx/n on input line 35.
)
\c@homeworkProblemCounter=\count100

(./Assignment8.aux)
\openout1 = `Assignment8.aux'.

LaTeX Font Info:    Checking defaults for OML/cmm/m/it on input line 128.
LaTeX Font Info:    ... okay on input line 128.
LaTeX Font Info:    Checking defaults for T1/cmr/m/n on input line 128.
LaTeX Font Info:    ... okay on input line 128.
LaTeX Font Info:    Checking defaults for OT1/cmr/m/n on input line 128.
LaTeX Font Info:    ... okay on input line 128.
LaTeX Font Info:    Checking defaults for OMS/cmsy/m/n on input line 128.
LaTeX Font Info:    ... okay on input line 128.
LaTeX Font Info:    Checking defaults for OMX/cmex/m/n on input line 128.
LaTeX Font Info:    ... okay on input line 128.
LaTeX Font Info:    Checking defaults for U/cmr/m/n on input line 128.
LaTeX Font Info:    ... okay on input line 128.
LaTeX Font Info:    Try loading font information for U+msa on input line 129.

(c:/Program Files (x86)/PCTeX/PCTeXv6/texmf-dist/tex/latex/amsfonts/umsa.fd
File: umsa.fd 2002/01/19 v2.2g AMS font definitions
)
LaTeX Font Info:    Try loading font information for U+msb on input line 129.

(c:/Program Files (x86)/PCTeX/PCTeXv6/texmf-dist/tex/latex/amsfonts/umsb.fd
File: umsb.fd 2002/01/19 v2.2g AMS font definitions
)
LaTeX Font Info:    Try loading font information for OMS+cmr on input line 133.


(c:/Program Files (x86)/PCTeX/PCTeXv6/texmf-dist/tex/latex/base/omscmr.fd
File: omscmr.fd 1999/05/25 v2.5h Standard LaTeX font definitions
)
LaTeX Font Info:    Font shape `OMS/cmr/m/n' in size <10> not available
(Font)              Font shape `OMS/cmsy/m/n' tried instead on input line 133.

[1{c:/PROGRA~2/PCTeX/PCTeXv6/texmf-var/fonts/map/./pdftex.map}

]
Underfull \hbox (badness 10000) in paragraph at lines 196--198

 []


Underfull \hbox (badness 10000) in paragraph at lines 203--205

 []

[2] <mass_spring.png, id=41, 172.39406pt x 67.0003pt>
File: mass_spring.png Graphic file (type png)
 <use mass_spring.png>
[3 <./mass_spring.png>]
Underfull \hbox (badness 10000) in paragraph at lines 243--246

 []

[4] (./Assignment8.aux) ) 
Here is how much of TeX's memory you used:
 1752 strings out of 95375
 21456 string characters out of 1187510
 1066485 words of memory out of 2500000
 4717 multiletter control sequences out of 10000+50000
 11373 words of font info for 45 fonts, out of 1000000 for 2000
 14 hyphenation exceptions out of 8191
 27i,11n,43p,712b,483s stack positions out of 5000i,500n,1000p,200000b,5000s
 50 PDF objects out of 300000
 0 named destinations out of 131072
 6 words of extra memory for PDF output out of 65536
<c:/Program Files (x86)/PCTeX/PCTeXv6/texmf-dist/fonts
/type1/bluesky/cm/cmsy7.pfb><c:/Program Files (x86)/PCTeX/PCTeXv6/texmf-dist/fo
nts/type1/bluesky/cm/cmr7.pfb><c:/Program Files (x86)/PCTeX/PCTeXv6/texmf-dist/
fonts/type1/bluesky/cm/cmtt10.pfb><c:/Program Files (x86)/PCTeX/PCTeXv6/texmf-d
ist/fonts/type1/bluesky/cm/cmmi7.pfb><c:/Program Files (x86)/PCTeX/PCTeXv6/texm
f-dist/fonts/type1/bluesky/cm/cmex10.pfb><c:/Program Files (x86)/PCTeX/PCTeXv6/
texmf-dist/fonts/type1/bluesky/cm/cmbx12.pfb><c:/Program Files (x86)/PCTeX/PCTe
Xv6/texmf-dist/fonts/type1/bluesky/cm/cmmi10.pfb><c:/Program Files (x86)/PCTeX/
PCTeXv6/texmf-dist/fonts/type1/bluesky/cm/cmsy10.pfb><c:/Program Files (x86)/PC
TeX/PCTeXv6/texmf-dist/fonts/type1/bluesky/cm/cmbx10.pfb><c:/Program Files (x86
)/PCTeX/PCTeXv6/texmf-dist/fonts/type1/bluesky/cm/cmr12.pfb><c:/Program Files (
x86)/PCTeX/PCTeXv6/texmf-dist/fonts/type1/bluesky/cm/cmr17.pfb><c:/Program File
s (x86)/PCTeX/PCTeXv6/texmf-dist/fonts/type1/bluesky/cm/cmr10.pfb>
Output written on Assignment8.pdf (4 pages, 82696 bytes).
