This is pdfeTeXk, Version 3.141592-1.20a-2.2 (Web2c 7.5.3) (format=latex 2011.5.12)  8 NOV 2013 23:00
 Source specials enabled.
 %&-line parsing enabled.
**&latex MidtermSolutions2013_new.tex
(./MidtermSolutions2013_new.tex
LaTeX2e <2005/12/01>
(c:/Program Files (x86)/PCTeX/PCTeXv6/texmf-dist/tex/latex/base/article.cls
Document Class: article 2005/09/16 v1.4f Standard LaTeX document class
(c:/Program Files (x86)/PCTeX/PCTeXv6/texmf-dist/tex/latex/base/size10.clo
File: size10.clo 2005/09/16 v1.4f Standard LaTeX file (size option)
)
\c@part=\count79
\c@section=\count80
\c@subsection=\count81
\c@subsubsection=\count82
\c@paragraph=\count83
\c@subparagraph=\count84
\c@figure=\count85
\c@table=\count86
\abovecaptionskip=\skip41
\belowcaptionskip=\skip42
\bibindent=\dimen102
)
(c:/Program Files (x86)/PCTeX/PCTeXv6/texmf-dist/tex/latex/fancyhdr/fancyhdr.st
y
\fancy@headwidth=\skip43
\f@ncyO@elh=\skip44
\f@ncyO@erh=\skip45
\f@ncyO@olh=\skip46
\f@ncyO@orh=\skip47
\f@ncyO@elf=\skip48
\f@ncyO@erf=\skip49
\f@ncyO@olf=\skip50
\f@ncyO@orf=\skip51
)
(c:/Program Files (x86)/PCTeX/PCTeXv6/texmf-dist/tex/latex/fancyhdr/extramarks.
sty
\@temptokenb=\toks14
)
(c:/Program Files (x86)/PCTeX/PCTeXv6/texmf-dist/tex/latex/graphics/graphicx.st
y
Package: graphicx 1999/02/16 v1.0f Enhanced LaTeX Graphics (DPC,SPQR)

(c:/Program Files (x86)/PCTeX/PCTeXv6/texmf-dist/tex/latex/graphics/keyval.sty
Package: keyval 1999/03/16 v1.13 key=value parser (DPC)
\KV@toks@=\toks15
)
(c:/Program Files (x86)/PCTeX/PCTeXv6/texmf-dist/tex/latex/graphics/graphics.st
y
Package: graphics 2006/02/20 v1.0o Standard LaTeX Graphics (DPC,SPQR)
 (c:/Program Files (x86)/PCTeX/PCTeXv6/texmf-dist/tex/latex/graphics/trig.sty
Package: trig 1999/03/16 v1.09 sin cos tan (DPC)
) (c:/PROGRA~2/PCTeX/PCTeXv6/texmf-pti/tex/latex/graphics.cfg)
Package graphics Info: Driver file: pdftex.def on input line 90.

(c:/Program Files (x86)/PCTeX/PCTeXv6/texmf-dist/tex/latex/pdftex-def/pdftex.de
f
File: pdftex.def 2007/01/08 v0.04d Graphics/color for pdfTeX
\Gread@gobject=\count87
))
\Gin@req@height=\dimen103
\Gin@req@width=\dimen104
)
(c:/Program Files (x86)/PCTeX/PCTeXv6/texmf-dist/tex/latex/tools/enumerate.sty
Package: enumerate 1999/03/05 v3.00 enumerate extensions (DPC)
\@enLab=\toks16
) (c:/Program Files (x86)/PCTeX/PCTeXv6/texmf-dist/tex/latex/amsmath/amsmath.st
y
Package: amsmath 2000/07/18 v2.13 AMS math features
\@mathmargin=\skip52
For additional information on amsmath, use the `?' option.
(c:/Program Files (x86)/PCTeX/PCTeXv6/texmf-dist/tex/latex/amsmath/amstext.sty
Package: amstext 2000/06/29 v2.01

(c:/Program Files (x86)/PCTeX/PCTeXv6/texmf-dist/tex/latex/amsmath/amsgen.sty
File: amsgen.sty 1999/11/30 v2.0
\@emptytoks=\toks17
\ex@=\dimen105
)) (c:/Program Files (x86)/PCTeX/PCTeXv6/texmf-dist/tex/latex/amsmath/amsbsy.st
y
Package: amsbsy 1999/11/29 v1.2d
\pmbraise@=\dimen106
) (c:/Program Files (x86)/PCTeX/PCTeXv6/texmf-dist/tex/latex/amsmath/amsopn.sty
Package: amsopn 1999/12/14 v2.01 operator names
)
\inf@bad=\count88
LaTeX Info: Redefining \frac on input line 211.
\uproot@=\count89
\leftroot@=\count90
LaTeX Info: Redefining \overline on input line 307.
\classnum@=\count91
\DOTSCASE@=\count92
LaTeX Info: Redefining \ldots on input line 379.
LaTeX Info: Redefining \dots on input line 382.
LaTeX Info: Redefining \cdots on input line 467.
\Mathstrutbox@=\box26
\strutbox@=\box27
\big@size=\dimen107
LaTeX Font Info:    Redeclaring font encoding OML on input line 567.
LaTeX Font Info:    Redeclaring font encoding OMS on input line 568.
\macc@depth=\count93
\c@MaxMatrixCols=\count94
\dotsspace@=\muskip10
\c@parentequation=\count95
\dspbrk@lvl=\count96
\tag@help=\toks18
\row@=\count97
\column@=\count98
\maxfields@=\count99
\andhelp@=\toks19
\eqnshift@=\dimen108
\alignsep@=\dimen109
\tagshift@=\dimen110
\tagwidth@=\dimen111
\totwidth@=\dimen112
\lineht@=\dimen113
\@envbody=\toks20
\multlinegap=\skip53
\multlinetaggap=\skip54
\mathdisplay@stack=\toks21
LaTeX Info: Redefining \[ on input line 2666.
LaTeX Info: Redefining \] on input line 2667.
) (c:/Program Files (x86)/PCTeX/PCTeXv6/texmf-dist/tex/latex/bbold/bbold.sty
Package: bbold 1994/04/06 Bbold symbol package
)
\c@homeworkProblemCounter=\count100

(./MidtermSolutions2013_new.aux)
\openout1 = `MidtermSolutions2013_new.aux'.

LaTeX Font Info:    Checking defaults for OML/cmm/m/it on input line 125.
LaTeX Font Info:    ... okay on input line 125.
LaTeX Font Info:    Checking defaults for T1/cmr/m/n on input line 125.
LaTeX Font Info:    ... okay on input line 125.
LaTeX Font Info:    Checking defaults for OT1/cmr/m/n on input line 125.
LaTeX Font Info:    ... okay on input line 125.
LaTeX Font Info:    Checking defaults for OMS/cmsy/m/n on input line 125.
LaTeX Font Info:    ... okay on input line 125.
LaTeX Font Info:    Checking defaults for OMX/cmex/m/n on input line 125.
LaTeX Font Info:    ... okay on input line 125.
LaTeX Font Info:    Checking defaults for U/cmr/m/n on input line 125.
LaTeX Font Info:    ... okay on input line 125.


LaTeX Warning: No \author given.

LaTeX Font Info:    Try loading font information for U+bbold on input line 169.

(c:/Program Files (x86)/PCTeX/PCTeXv6/texmf-dist/tex/latex/bbold/ubbold.fd)
Underfull \hbox (badness 10000) in paragraph at lines 169--169

 []


Underfull \hbox (badness 10000) in paragraph at lines 169--170

 []


Underfull \hbox (badness 10000) in paragraph at lines 208--208

 []


LaTeX Warning: The counter will not be printed.
             The label is: (c) on input line 208.


Underfull \hbox (badness 10000) in paragraph at lines 208--209

 []

[1{c:/PROGRA~2/PCTeX/PCTeXv6/texmf-var/fonts/map/./pdftex.map}

]
Overfull \vbox (12.0614pt too high) has occurred while \output is active []


[2]

LaTeX Warning: The counter will not be printed.
             The label is: (d) on input line 295.


Underfull \hbox (badness 10000) in paragraph at lines 295--296

 []


Underfull \hbox (badness 10000) in paragraph at lines 303--303

 []

[3] [4]
Underfull \hbox (badness 10000) in paragraph at lines 416--416

 []


Underfull \hbox (badness 10000) in paragraph at lines 416--416

 []


Underfull \hbox (badness 10000) in paragraph at lines 416--417

 []

[5] (./MidtermSolutions2013_new.aux) ) 
Here is how much of TeX's memory you used:
 1406 strings out of 95375
 17444 string characters out of 1187510
 1064917 words of memory out of 2500000
 4396 multiletter control sequences out of 10000+50000
 9315 words of font info for 35 fonts, out of 1000000 for 2000
 14 hyphenation exceptions out of 8191
 27i,17n,43p,683b,579s stack positions out of 5000i,500n,1000p,200000b,5000s
 53 PDF objects out of 300000
 0 named destinations out of 131072
 1 words of extra memory for PDF output out of 65536
<c:/Program Files (x86)/PCTeX/PCTeXv6/tex
mf-dist/fonts/type1/bluesky/cm/cmr5.pfb><c:/Program Files (x86)/PCTeX/PCTeXv6/t
exmf-dist/fonts/type1/bluesky/cm/cmti10.pfb><c:/Program Files (x86)/PCTeX/PCTeX
v6/texmf-dist/fonts/type1/bluesky/cm/cmr7.pfb><c:/Program Files (x86)/PCTeX/PCT
eXv6/texmf-dist/fonts/type1/bluesky/cm/cmsy7.pfb><c:/Program Files (x86)/PCTeX/
PCTeXv6/texmf-dist/fonts/type1/bluesky/cm/cmmi7.pfb>
Warning: pdfetex.exe (file bbold10): Font bbold10 at 72 not found
<c:/Program Files (x86)/PCTeX/PCTeXv6/texmf-dist/fonts/type1/bluesky/cm/cmsy10.
pfb><c:/Program Files (x86)/PCTeX/PCTeXv6/texmf-dist/fonts/type1/bluesky/cm/cme
x10.pfb><c:/Program Files (x86)/PCTeX/PCTeXv6/texmf-dist/fonts/type1/bluesky/cm
/cmmi10.pfb><c:/Program Files (x86)/PCTeX/PCTeXv6/texmf-dist/fonts/type1/bluesk
y/cm/cmbx12.pfb><c:/Program Files (x86)/PCTeX/PCTeXv6/texmf-dist/fonts/type1/bl
uesky/cm/cmr12.pfb><c:/Program Files (x86)/PCTeX/PCTeXv6/texmf-dist/fonts/type1
/bluesky/cm/cmr17.pfb><c:/Program Files (x86)/PCTeX/PCTeXv6/texmf-dist/fonts/ty
pe1/bluesky/cm/cmr10.pfb>
Output written on MidtermSolutions2013_new.pdf (5 pages, 87456 bytes).
